<?xml version="1.0" encoding="UTF-8"?>
<!-- Generated by org.testng.reporters.JUnitReportReporter -->
<testsuite hostname="DESKTOP-OB1SF68" failures="0" tests="4" name="magento.MyTestCases" time="17.694" errors="0" timestamp="2024-02-09T23:37:29 EET" skipped="2">
  <testcase classname="magento.MyTestCases" name="SignUp" time="8.053"/>
  <testcase classname="magento.MyTestCases" name="AddOneRndItem" time="9.641"/>
  <testcase classname="magento.MyTestCases" name="Logout">
    <skipped/>
  </testcase> <!-- Logout -->
  <testcase classname="magento.MyTestCases" name="SignIn">
    <skipped/>
  </testcase> <!-- SignIn -->
</testsuite> <!-- magento.MyTestCases -->
