<?xml version="1.0" encoding="UTF-8"?>
<!-- Generated by org.testng.reporters.JUnitReportReporter -->
<testsuite hostname="DESKTOP-OB1SF68" failures="0" tests="4" name="magento.MyTestCases" time="18.596" errors="0" timestamp="2024-01-31T18:41:22 EET" skipped="2">
  <testcase classname="magento.MyTestCases" name="SignUp" time="8.592"/>
  <testcase classname="magento.MyTestCases" name="AddOneRndItem" time="10.004"/>
  <testcase classname="magento.MyTestCases" name="SignIn">
    <skipped/>
  </testcase> <!-- SignIn -->
  <testcase classname="magento.MyTestCases" name="Logout">
    <skipped/>
  </testcase> <!-- Logout -->
</testsuite> <!-- magento.MyTestCases -->
