<?xml version="1.0" encoding="UTF-8"?>
<!-- Generated by org.testng.reporters.JUnitReportReporter -->
<testsuite hostname="DESKTOP-OB1SF68" failures="0" tests="1" name="magento.MyTestCases" time="10.347" errors="0" timestamp="2024-01-29T20:49:14 EET" skipped="0">
  <testcase classname="magento.MyTestCases" name="SignUp" time="10.347"/>
</testsuite> <!-- magento.MyTestCases -->
